0 info it worked if it ends with ok
1 verbose cli [ '/usr/bin/nodejs',
1 verbose cli   '/usr/bin/npm',
1 verbose cli   'install',
1 verbose cli   '--save',
1 verbose cli   'react-chartjs-2',
1 verbose cli   'chart.js' ]
2 info using npm@1.3.10
3 info using node@v0.10.25
4 warn package.json new@1.0.0 No description
5 warn package.json new@1.0.0 No repository field.
6 warn package.json new@1.0.0 No README data
7 warn package.json babel-plugin-named-asset-import@0.3.1 No README data
8 warn package.json camel-case@3.0.0 No README data
9 warn package.json dom-serializer@0.1.1 No README data
10 warn package.json eslint-module-utils@2.4.0 No README data
11 warn package.json estraverse@4.2.0 No README data
12 warn package.json get-value@2.0.6 No README data
13 warn package.json copy-descriptor@0.1.1 No README data
14 warn package.json jest-environment-jsdom@23.4.0 No description
15 warn package.json jest-environment-jsdom@23.4.0 No README data
16 warn package.json jest-config@23.6.0 No description
17 warn package.json jest-config@23.6.0 No README data
18 warn package.json jest-diff@23.6.0 No description
19 warn package.json jest-diff@23.6.0 No README data
20 warn package.json jest-environment-node@23.4.0 No description
21 warn package.json jest-environment-node@23.4.0 No README data
22 warn package.json jest-get-type@22.4.3 No README data
23 warn package.json jest-jasmine2@23.6.0 No description
24 warn package.json jest-jasmine2@23.6.0 No README data
25 warn package.json jest-haste-map@23.6.0 No description
26 warn package.json jest-haste-map@23.6.0 No README data
27 warn package.json jest-matcher-utils@23.6.0 No README data
28 warn package.json jest-message-util@23.4.0 No description
29 warn package.json jest-message-util@23.4.0 No README data
30 warn package.json jest-resolve@23.6.0 No description
31 warn package.json jest-resolve@23.6.0 No README data
32 warn package.json jest-resolve-dependencies@23.6.0 No description
33 warn package.json jest-resolve-dependencies@23.6.0 No README data
34 warn package.json jest-runner@23.6.0 No description
35 warn package.json jest-runner@23.6.0 No README data
36 warn package.json jest-regex-util@23.3.0 No description
37 warn package.json jest-regex-util@23.3.0 No README data
38 warn package.json jest-runtime@23.6.0 No description
39 warn package.json jest-runtime@23.6.0 No README data
40 warn package.json jest-util@23.4.0 No description
41 warn package.json jest-util@23.4.0 No README data
42 warn package.json jest-snapshot@23.6.0 No description
43 warn package.json jest-snapshot@23.6.0 No README data
44 warn package.json jest-watcher@23.4.0 No README data
45 warn package.json loader-fs-cache@1.0.2 No repository field.
46 warn package.json loader-fs-cache@1.0.2 No README data
47 warn package.json object-copy@0.1.0 No README data
48 warn package.json path-is-inside@1.0.2 No README data
49 warn package.json setimmediate@1.0.5 No README data
50 warn package.json static-extend@0.1.2 No README data
51 warn package.json babel-core@7.0.0-bridge.0 No repository field.
52 warn package.json dotenv-expand@4.2.0 No repository field.
53 warn package.json indexof@0.0.1 No repository field.
54 warn package.json trim@0.0.1 No repository field.
55 verbose readDependencies using package.json deps
56 verbose cache add [ 'react-chartjs-2', null ]
57 verbose cache add name=undefined spec="react-chartjs-2" args=["react-chartjs-2",null]
58 verbose parsed url { protocol: null,
58 verbose parsed url   slashes: null,
58 verbose parsed url   auth: null,
58 verbose parsed url   host: null,
58 verbose parsed url   port: null,
58 verbose parsed url   hostname: null,
58 verbose parsed url   hash: null,
58 verbose parsed url   search: null,
58 verbose parsed url   query: null,
58 verbose parsed url   pathname: 'react-chartjs-2',
58 verbose parsed url   path: 'react-chartjs-2',
58 verbose parsed url   href: 'react-chartjs-2' }
59 verbose cache add [ 'chart.js', null ]
60 verbose cache add name=undefined spec="chart.js" args=["chart.js",null]
61 verbose parsed url { protocol: null,
61 verbose parsed url   slashes: null,
61 verbose parsed url   auth: null,
61 verbose parsed url   host: null,
61 verbose parsed url   port: null,
61 verbose parsed url   hostname: null,
61 verbose parsed url   hash: null,
61 verbose parsed url   search: null,
61 verbose parsed url   query: null,
61 verbose parsed url   pathname: 'chart.js',
61 verbose parsed url   path: 'chart.js',
61 verbose parsed url   href: 'chart.js' }
62 silly lockFile a8c57358-react-chartjs-2 react-chartjs-2
63 verbose lock react-chartjs-2 /mnt/c/Users/gulsb/.npm/a8c57358-react-chartjs-2.lock
64 silly lockFile a2ebf9ea-chart-js chart.js
65 verbose lock chart.js /mnt/c/Users/gulsb/.npm/a2ebf9ea-chart-js.lock
66 silly lockFile a8c57358-react-chartjs-2 react-chartjs-2
67 silly lockFile a8c57358-react-chartjs-2 react-chartjs-2
68 silly lockFile a2ebf9ea-chart-js chart.js
69 silly lockFile a2ebf9ea-chart-js chart.js
70 verbose addNamed [ 'react-chartjs-2', '' ]
71 verbose addNamed [ null, '*' ]
72 silly lockFile a3c24609-react-chartjs-2 react-chartjs-2@
73 verbose lock react-chartjs-2@ /mnt/c/Users/gulsb/.npm/a3c24609-react-chartjs-2.lock
74 verbose addNamed [ 'chart.js', '' ]
75 verbose addNamed [ null, '*' ]
76 silly lockFile ba7485f7-chart-js chart.js@
77 verbose lock chart.js@ /mnt/c/Users/gulsb/.npm/ba7485f7-chart-js.lock
78 silly addNameRange { name: 'react-chartjs-2', range: '*', hasData: false }
79 verbose url raw react-chartjs-2
80 verbose url resolving [ 'https://registry.npmjs.org/', './react-chartjs-2' ]
81 verbose url resolved https://registry.npmjs.org/react-chartjs-2
82 info trying registry request attempt 1 at 15:44:59
83 http GET https://registry.npmjs.org/react-chartjs-2
84 silly addNameRange { name: 'chart.js', range: '*', hasData: false }
85 verbose url raw chart.js
86 verbose url resolving [ 'https://registry.npmjs.org/', './chart.js' ]
87 verbose url resolved https://registry.npmjs.org/chart.js
88 info trying registry request attempt 1 at 15:44:59
89 http GET https://registry.npmjs.org/chart.js
90 info retry will retry, error on last attempt: Error: CERT_UNTRUSTED
91 info retry will retry, error on last attempt: Error: CERT_UNTRUSTED
92 info trying registry request attempt 2 at 15:45:09
93 http GET https://registry.npmjs.org/chart.js
94 info trying registry request attempt 2 at 15:45:09
95 http GET https://registry.npmjs.org/react-chartjs-2
96 info retry will retry, error on last attempt: Error: CERT_UNTRUSTED
97 info retry will retry, error on last attempt: Error: CERT_UNTRUSTED
98 info trying registry request attempt 3 at 15:46:09
99 http GET https://registry.npmjs.org/chart.js
100 info trying registry request attempt 3 at 15:46:09
101 http GET https://registry.npmjs.org/react-chartjs-2
102 silly lockFile ba7485f7-chart-js chart.js@
103 silly lockFile ba7485f7-chart-js chart.js@
104 error Error: CERT_UNTRUSTED
104 error     at SecurePair.<anonymous> (tls.js:1370:32)
104 error     at SecurePair.EventEmitter.emit (events.js:92:17)
104 error     at SecurePair.maybeInitFinished (tls.js:982:10)
104 error     at CleartextStream.read [as _read] (tls.js:469:13)
104 error     at CleartextStream.Readable.read (_stream_readable.js:320:10)
104 error     at EncryptedStream.write [as _write] (tls.js:366:25)
104 error     at doWrite (_stream_writable.js:223:10)
104 error     at writeOrBuffer (_stream_writable.js:213:5)
104 error     at EncryptedStream.Writable.write (_stream_writable.js:180:11)
104 error     at write (_stream_readable.js:583:24)
105 error If you need help, you may report this log at:
105 error     <http://github.com/isaacs/npm/issues>
105 error or email it to:
105 error     <npm-@googlegroups.com>
106 error System Linux 4.4.0-17763-Microsoft
107 error command "/usr/bin/nodejs" "/usr/bin/npm" "install" "--save" "react-chartjs-2" "chart.js"
108 error cwd /mnt/c/Users/gulsb/Documents/CS491/final_project/BCI_Team_Gr8
109 error node -v v0.10.25
110 error npm -v 1.3.10
111 verbose exit [ 1, true ]
